<?xml version="1.0" encoding="UTF-8"?>
<testsuite xmlns:xsi="http://www.w3.org/2001/XMLSchema-instance" xsi:noNamespaceSchemaLocation="https://maven.apache.org/surefire/maven-surefire-plugin/xsd/surefire-test-report.xsd" name="com.hand.spring.ServiceImplTest" time="0.24" tests="2" errors="0" skipped="0" failures="0">
  <properties>
[...]
</properties>
  <testcase name="beanXmlTest" classname="com.hand.spring.ServiceImplTest" time="0.185"/>
  <testcase name="useSerInSerImplTest" classname="com.hand.spring.ServiceImplTest" time="0.041"/>
</testsuite>